2018-08-06 18:28:07,860 DEBUG    root            Loaded Command Group: [u'gcloud', u'compute', u'firewall_rules']
2018-08-06 18:28:07,927 DEBUG    root            Loaded Command Group: [u'gcloud', u'compute', u'firewall-rules', u'list']
2018-08-06 18:28:07,931 DEBUG    root            Running [gcloud.compute.firewall-rules.list] with arguments: []
2018-08-06 18:28:08,115 INFO     root            Display format: "    table(
      name,
      network.basename(),
      direction,
      priority,
      allowed[].map().firewall_rule().list():label=ALLOW,
      denied[].map().firewall_rule().list():label=DENY
    )"
2018-08-06 18:28:08,800 INFO     root            cache collection=compute.firewalls api_version=v1 params=[u'project', u'firewall']
2018-08-06 18:28:08,803 INFO     ___FILE_ONLY___ NAME
2018-08-06 18:28:08,803 INFO     ___FILE_ONLY___                     
2018-08-06 18:28:08,803 INFO     ___FILE_ONLY___ NETWORK
2018-08-06 18:28:08,803 INFO     ___FILE_ONLY___   
2018-08-06 18:28:08,804 INFO     ___FILE_ONLY___ DIRECTION
2018-08-06 18:28:08,804 INFO     ___FILE_ONLY___   
2018-08-06 18:28:08,804 INFO     ___FILE_ONLY___ PRIORITY
2018-08-06 18:28:08,804 INFO     ___FILE_ONLY___   
2018-08-06 18:28:08,804 INFO     ___FILE_ONLY___ ALLOW
2018-08-06 18:28:08,804 INFO     ___FILE_ONLY___                          
2018-08-06 18:28:08,804 INFO     ___FILE_ONLY___ DENY
2018-08-06 18:28:08,804 INFO     ___FILE_ONLY___ 

2018-08-06 18:28:08,804 INFO     ___FILE_ONLY___ allow-all-internal
2018-08-06 18:28:08,804 INFO     ___FILE_ONLY___       
2018-08-06 18:28:08,805 INFO     ___FILE_ONLY___ iac
2018-08-06 18:28:08,805 INFO     ___FILE_ONLY___       
2018-08-06 18:28:08,805 INFO     ___FILE_ONLY___ INGRESS
2018-08-06 18:28:08,805 INFO     ___FILE_ONLY___     
2018-08-06 18:28:08,805 INFO     ___FILE_ONLY___ 1000
2018-08-06 18:28:08,805 INFO     ___FILE_ONLY___       
2018-08-06 18:28:08,805 INFO     ___FILE_ONLY___ tcp,udp,icmp
2018-08-06 18:28:08,805 INFO     ___FILE_ONLY___ 

2018-08-06 18:28:08,805 INFO     ___FILE_ONLY___ allow-external-iac
2018-08-06 18:28:08,806 INFO     ___FILE_ONLY___       
2018-08-06 18:28:08,806 INFO     ___FILE_ONLY___ iac
2018-08-06 18:28:08,806 INFO     ___FILE_ONLY___       
2018-08-06 18:28:08,806 INFO     ___FILE_ONLY___ INGRESS
2018-08-06 18:28:08,806 INFO     ___FILE_ONLY___     
2018-08-06 18:28:08,806 INFO     ___FILE_ONLY___ 1000
2018-08-06 18:28:08,806 INFO     ___FILE_ONLY___       
2018-08-06 18:28:08,806 INFO     ___FILE_ONLY___ tcp:30000-32767
2018-08-06 18:28:08,806 INFO     ___FILE_ONLY___ 

2018-08-06 18:28:08,806 INFO     ___FILE_ONLY___ default-allow-icmp
2018-08-06 18:28:08,807 INFO     ___FILE_ONLY___       
2018-08-06 18:28:08,807 INFO     ___FILE_ONLY___ default
2018-08-06 18:28:08,807 INFO     ___FILE_ONLY___   
2018-08-06 18:28:08,807 INFO     ___FILE_ONLY___ INGRESS
2018-08-06 18:28:08,807 INFO     ___FILE_ONLY___     
2018-08-06 18:28:08,807 INFO     ___FILE_ONLY___ 65534
2018-08-06 18:28:08,807 INFO     ___FILE_ONLY___      
2018-08-06 18:28:08,807 INFO     ___FILE_ONLY___ icmp
2018-08-06 18:28:08,807 INFO     ___FILE_ONLY___ 

2018-08-06 18:28:08,807 INFO     ___FILE_ONLY___ default-allow-internal
2018-08-06 18:28:08,808 INFO     ___FILE_ONLY___   
2018-08-06 18:28:08,808 INFO     ___FILE_ONLY___ default
2018-08-06 18:28:08,808 INFO     ___FILE_ONLY___   
2018-08-06 18:28:08,808 INFO     ___FILE_ONLY___ INGRESS
2018-08-06 18:28:08,808 INFO     ___FILE_ONLY___     
2018-08-06 18:28:08,808 INFO     ___FILE_ONLY___ 65534
2018-08-06 18:28:08,808 INFO     ___FILE_ONLY___      
2018-08-06 18:28:08,808 INFO     ___FILE_ONLY___ tcp:0-65535,udp:0-65535,icmp
2018-08-06 18:28:08,808 INFO     ___FILE_ONLY___ 

2018-08-06 18:28:08,808 INFO     ___FILE_ONLY___ default-allow-rdp
2018-08-06 18:28:08,808 INFO     ___FILE_ONLY___        
2018-08-06 18:28:08,809 INFO     ___FILE_ONLY___ default
2018-08-06 18:28:08,809 INFO     ___FILE_ONLY___   
2018-08-06 18:28:08,809 INFO     ___FILE_ONLY___ INGRESS
2018-08-06 18:28:08,809 INFO     ___FILE_ONLY___     
2018-08-06 18:28:08,809 INFO     ___FILE_ONLY___ 65534
2018-08-06 18:28:08,809 INFO     ___FILE_ONLY___      
2018-08-06 18:28:08,809 INFO     ___FILE_ONLY___ tcp:3389
2018-08-06 18:28:08,809 INFO     ___FILE_ONLY___ 

2018-08-06 18:28:08,809 INFO     ___FILE_ONLY___ default-allow-ssh
2018-08-06 18:28:08,809 INFO     ___FILE_ONLY___        
2018-08-06 18:28:08,810 INFO     ___FILE_ONLY___ default
2018-08-06 18:28:08,810 INFO     ___FILE_ONLY___   
2018-08-06 18:28:08,810 INFO     ___FILE_ONLY___ INGRESS
2018-08-06 18:28:08,810 INFO     ___FILE_ONLY___     
2018-08-06 18:28:08,810 INFO     ___FILE_ONLY___ 65534
2018-08-06 18:28:08,810 INFO     ___FILE_ONLY___      
2018-08-06 18:28:08,810 INFO     ___FILE_ONLY___ tcp:22
2018-08-06 18:28:08,810 INFO     ___FILE_ONLY___ 

2018-08-06 18:28:08,810 INFO     ___FILE_ONLY___ 
To show all fields of the firewall, please show in JSON format: --format=json
To show all fields in table format, please see the examples in --help.


2018-08-06 18:28:08,824 DEBUG    root            Metrics reporting process started...
