2018-08-06 18:37:40,702 DEBUG    root            Loaded Command Group: [u'gcloud', u'compute', u'firewall_rules']
2018-08-06 18:37:40,717 DEBUG    root            Loaded Command Group: [u'gcloud', u'compute', u'firewall-rules', u'list']
2018-08-06 18:37:40,721 DEBUG    root            Running [gcloud.compute.firewall-rules.list] with arguments: [--project: "sodium-lore-185011"]
2018-08-06 18:37:40,860 INFO     root            Display format: "    table(
      name,
      network.basename(),
      direction,
      priority,
      allowed[].map().firewall_rule().list():label=ALLOW,
      denied[].map().firewall_rule().list():label=DENY
    )"
2018-08-06 18:37:41,533 INFO     root            cache collection=compute.firewalls api_version=v1 params=[u'project', u'firewall']
2018-08-06 18:37:41,536 INFO     ___FILE_ONLY___ NAME
2018-08-06 18:37:41,536 INFO     ___FILE_ONLY___                      
2018-08-06 18:37:41,536 INFO     ___FILE_ONLY___ NETWORK
2018-08-06 18:37:41,536 INFO     ___FILE_ONLY___   
2018-08-06 18:37:41,536 INFO     ___FILE_ONLY___ DIRECTION
2018-08-06 18:37:41,536 INFO     ___FILE_ONLY___   
2018-08-06 18:37:41,537 INFO     ___FILE_ONLY___ PRIORITY
2018-08-06 18:37:41,537 INFO     ___FILE_ONLY___   
2018-08-06 18:37:41,537 INFO     ___FILE_ONLY___ ALLOW
2018-08-06 18:37:41,537 INFO     ___FILE_ONLY___                          
2018-08-06 18:37:41,537 INFO     ___FILE_ONLY___ DENY
2018-08-06 18:37:41,537 INFO     ___FILE_ONLY___ 

2018-08-06 18:37:41,537 INFO     ___FILE_ONLY___ allow-all-internal
2018-08-06 18:37:41,537 INFO     ___FILE_ONLY___        
2018-08-06 18:37:41,537 INFO     ___FILE_ONLY___ bosh
2018-08-06 18:37:41,538 INFO     ___FILE_ONLY___      
2018-08-06 18:37:41,538 INFO     ___FILE_ONLY___ INGRESS
2018-08-06 18:37:41,538 INFO     ___FILE_ONLY___     
2018-08-06 18:37:41,538 INFO     ___FILE_ONLY___ 1000
2018-08-06 18:37:41,538 INFO     ___FILE_ONLY___       
2018-08-06 18:37:41,538 INFO     ___FILE_ONLY___ tcp,udp,icmp
2018-08-06 18:37:41,538 INFO     ___FILE_ONLY___ 

2018-08-06 18:37:41,538 INFO     ___FILE_ONLY___ allow-external-director
2018-08-06 18:37:41,538 INFO     ___FILE_ONLY___   
2018-08-06 18:37:41,538 INFO     ___FILE_ONLY___ bosh
2018-08-06 18:37:41,539 INFO     ___FILE_ONLY___      
2018-08-06 18:37:41,539 INFO     ___FILE_ONLY___ INGRESS
2018-08-06 18:37:41,539 INFO     ___FILE_ONLY___     
2018-08-06 18:37:41,539 INFO     ___FILE_ONLY___ 1000
2018-08-06 18:37:41,539 INFO     ___FILE_ONLY___       
2018-08-06 18:37:41,539 INFO     ___FILE_ONLY___ tcp:22,tcp:6868,tcp:25555
2018-08-06 18:37:41,539 INFO     ___FILE_ONLY___ 

2018-08-06 18:37:41,539 INFO     ___FILE_ONLY___ default-allow-http
2018-08-06 18:37:41,539 INFO     ___FILE_ONLY___        
2018-08-06 18:37:41,539 INFO     ___FILE_ONLY___ default
2018-08-06 18:37:41,540 INFO     ___FILE_ONLY___   
2018-08-06 18:37:41,540 INFO     ___FILE_ONLY___ INGRESS
2018-08-06 18:37:41,540 INFO     ___FILE_ONLY___     
2018-08-06 18:37:41,540 INFO     ___FILE_ONLY___ 1000
2018-08-06 18:37:41,540 INFO     ___FILE_ONLY___       
2018-08-06 18:37:41,540 INFO     ___FILE_ONLY___ tcp:80
2018-08-06 18:37:41,540 INFO     ___FILE_ONLY___ 

2018-08-06 18:37:41,540 INFO     ___FILE_ONLY___ default-allow-https
2018-08-06 18:37:41,540 INFO     ___FILE_ONLY___       
2018-08-06 18:37:41,540 INFO     ___FILE_ONLY___ default
2018-08-06 18:37:41,541 INFO     ___FILE_ONLY___   
2018-08-06 18:37:41,541 INFO     ___FILE_ONLY___ INGRESS
2018-08-06 18:37:41,541 INFO     ___FILE_ONLY___     
2018-08-06 18:37:41,541 INFO     ___FILE_ONLY___ 1000
2018-08-06 18:37:41,541 INFO     ___FILE_ONLY___       
2018-08-06 18:37:41,541 INFO     ___FILE_ONLY___ tcp:443
2018-08-06 18:37:41,541 INFO     ___FILE_ONLY___ 

2018-08-06 18:37:41,541 INFO     ___FILE_ONLY___ default-allow-icmp
2018-08-06 18:37:41,541 INFO     ___FILE_ONLY___        
2018-08-06 18:37:41,541 INFO     ___FILE_ONLY___ default
2018-08-06 18:37:41,542 INFO     ___FILE_ONLY___   
2018-08-06 18:37:41,542 INFO     ___FILE_ONLY___ INGRESS
2018-08-06 18:37:41,542 INFO     ___FILE_ONLY___     
2018-08-06 18:37:41,542 INFO     ___FILE_ONLY___ 65534
2018-08-06 18:37:41,542 INFO     ___FILE_ONLY___      
2018-08-06 18:37:41,542 INFO     ___FILE_ONLY___ icmp
2018-08-06 18:37:41,542 INFO     ___FILE_ONLY___ 

2018-08-06 18:37:41,542 INFO     ___FILE_ONLY___ default-allow-internal
2018-08-06 18:37:41,542 INFO     ___FILE_ONLY___    
2018-08-06 18:37:41,542 INFO     ___FILE_ONLY___ default
2018-08-06 18:37:41,543 INFO     ___FILE_ONLY___   
2018-08-06 18:37:41,543 INFO     ___FILE_ONLY___ INGRESS
2018-08-06 18:37:41,543 INFO     ___FILE_ONLY___     
2018-08-06 18:37:41,543 INFO     ___FILE_ONLY___ 65534
2018-08-06 18:37:41,543 INFO     ___FILE_ONLY___      
2018-08-06 18:37:41,543 INFO     ___FILE_ONLY___ tcp:0-65535,udp:0-65535,icmp
2018-08-06 18:37:41,543 INFO     ___FILE_ONLY___ 

2018-08-06 18:37:41,543 INFO     ___FILE_ONLY___ default-allow-rdp
2018-08-06 18:37:41,543 INFO     ___FILE_ONLY___         
2018-08-06 18:37:41,543 INFO     ___FILE_ONLY___ default
2018-08-06 18:37:41,544 INFO     ___FILE_ONLY___   
2018-08-06 18:37:41,544 INFO     ___FILE_ONLY___ INGRESS
2018-08-06 18:37:41,544 INFO     ___FILE_ONLY___     
2018-08-06 18:37:41,544 INFO     ___FILE_ONLY___ 65534
2018-08-06 18:37:41,544 INFO     ___FILE_ONLY___      
2018-08-06 18:37:41,544 INFO     ___FILE_ONLY___ tcp:3389
2018-08-06 18:37:41,544 INFO     ___FILE_ONLY___ 

2018-08-06 18:37:41,544 INFO     ___FILE_ONLY___ default-allow-ssh
2018-08-06 18:37:41,544 INFO     ___FILE_ONLY___         
2018-08-06 18:37:41,544 INFO     ___FILE_ONLY___ default
2018-08-06 18:37:41,545 INFO     ___FILE_ONLY___   
2018-08-06 18:37:41,545 INFO     ___FILE_ONLY___ INGRESS
2018-08-06 18:37:41,545 INFO     ___FILE_ONLY___     
2018-08-06 18:37:41,545 INFO     ___FILE_ONLY___ 65534
2018-08-06 18:37:41,545 INFO     ___FILE_ONLY___      
2018-08-06 18:37:41,545 INFO     ___FILE_ONLY___ tcp:22
2018-08-06 18:37:41,545 INFO     ___FILE_ONLY___ 

2018-08-06 18:37:41,545 INFO     ___FILE_ONLY___ 
To show all fields of the firewall, please show in JSON format: --format=json
To show all fields in table format, please see the examples in --help.


2018-08-06 18:37:41,557 DEBUG    root            Metrics reporting process started...
