2018-08-06 18:38:13,484 DEBUG    root            Loaded Command Group: [u'gcloud', u'compute', u'firewall_rules']
2018-08-06 18:38:13,499 DEBUG    root            Loaded Command Group: [u'gcloud', u'compute', u'firewall-rules', u'delete']
2018-08-06 18:38:13,502 DEBUG    root            Running [gcloud.compute.firewall-rules.delete] with arguments: [--project: "sodium-lore-185011", NAME:1: "[u'allow-all-internal,allow-external-director']"]
2018-08-06 18:38:17,413 DEBUG    root            (gcloud.compute.firewall-rules.delete) Could not fetch resource:
 - Invalid value 'allow-all-internal,allow-external-director'. Values must match the following regular expression: '[a-z](?:[-a-z0-9]{0,61}[a-z0-9])?'
Traceback (most recent call last):
  File "/home/samy/google-cloud-sdk/lib/googlecloudsdk/calliope/cli.py", line 848, in Execute
    resources = calliope_command.Run(cli=self, args=args)
  File "/home/samy/google-cloud-sdk/lib/googlecloudsdk/calliope/backend.py", line 770, in Run
    resources = command_instance.Run(args)
  File "/home/samy/google-cloud-sdk/lib/surface/compute/firewall_rules/delete.py", line 60, in Run
    return client.MakeRequests(requests)
  File "/home/samy/google-cloud-sdk/lib/googlecloudsdk/api_lib/compute/client_adapter.py", line 95, in MakeRequests
    errors, error_message='Could not fetch resource:')
  File "/home/samy/google-cloud-sdk/lib/googlecloudsdk/api_lib/compute/utils.py", line 111, in RaiseToolException
    RaiseException(problems, calliope_exceptions.ToolException, error_message)
  File "/home/samy/google-cloud-sdk/lib/googlecloudsdk/api_lib/compute/utils.py", line 123, in RaiseException
    errors))
ToolException: Could not fetch resource:
 - Invalid value 'allow-all-internal,allow-external-director'. Values must match the following regular expression: '[a-z](?:[-a-z0-9]{0,61}[a-z0-9])?'

2018-08-06 18:38:17,439 ERROR    root            (gcloud.compute.firewall-rules.delete) Could not fetch resource:
 - Invalid value 'allow-all-internal,allow-external-director'. Values must match the following regular expression: '[a-z](?:[-a-z0-9]{0,61}[a-z0-9])?'

2018-08-06 18:38:17,461 DEBUG    root            Metrics reporting process started...
