2018-08-06 18:36:38,186 DEBUG    root            Loaded Command Group: [u'gcloud', u'compute', u'firewall_rules']
2018-08-06 18:36:38,202 DEBUG    root            Loaded Command Group: [u'gcloud', u'compute', u'firewall-rules', u'list']
2018-08-06 18:36:38,206 DEBUG    root            Running [gcloud.compute.firewall-rules.list] with arguments: [--project: "sodium-lore-185011"]
2018-08-06 18:36:38,346 INFO     root            Display format: "    table(
      name,
      network.basename(),
      direction,
      priority,
      allowed[].map().firewall_rule().list():label=ALLOW,
      denied[].map().firewall_rule().list():label=DENY
    )"
2018-08-06 18:36:39,017 INFO     root            cache collection=compute.firewalls api_version=v1 params=[u'project', u'firewall']
2018-08-06 18:36:39,019 INFO     ___FILE_ONLY___ NAME
2018-08-06 18:36:39,020 INFO     ___FILE_ONLY___                      
2018-08-06 18:36:39,020 INFO     ___FILE_ONLY___ NETWORK
2018-08-06 18:36:39,020 INFO     ___FILE_ONLY___   
2018-08-06 18:36:39,020 INFO     ___FILE_ONLY___ DIRECTION
2018-08-06 18:36:39,020 INFO     ___FILE_ONLY___   
2018-08-06 18:36:39,020 INFO     ___FILE_ONLY___ PRIORITY
2018-08-06 18:36:39,020 INFO     ___FILE_ONLY___   
2018-08-06 18:36:39,020 INFO     ___FILE_ONLY___ ALLOW
2018-08-06 18:36:39,021 INFO     ___FILE_ONLY___                          
2018-08-06 18:36:39,021 INFO     ___FILE_ONLY___ DENY
2018-08-06 18:36:39,021 INFO     ___FILE_ONLY___ 

2018-08-06 18:36:39,021 INFO     ___FILE_ONLY___ allow-all-internal
2018-08-06 18:36:39,021 INFO     ___FILE_ONLY___        
2018-08-06 18:36:39,021 INFO     ___FILE_ONLY___ bosh
2018-08-06 18:36:39,021 INFO     ___FILE_ONLY___      
2018-08-06 18:36:39,021 INFO     ___FILE_ONLY___ INGRESS
2018-08-06 18:36:39,021 INFO     ___FILE_ONLY___     
2018-08-06 18:36:39,021 INFO     ___FILE_ONLY___ 1000
2018-08-06 18:36:39,022 INFO     ___FILE_ONLY___       
2018-08-06 18:36:39,022 INFO     ___FILE_ONLY___ tcp,udp,icmp
2018-08-06 18:36:39,022 INFO     ___FILE_ONLY___ 

2018-08-06 18:36:39,022 INFO     ___FILE_ONLY___ allow-external-director
2018-08-06 18:36:39,022 INFO     ___FILE_ONLY___   
2018-08-06 18:36:39,022 INFO     ___FILE_ONLY___ bosh
2018-08-06 18:36:39,022 INFO     ___FILE_ONLY___      
2018-08-06 18:36:39,022 INFO     ___FILE_ONLY___ INGRESS
2018-08-06 18:36:39,022 INFO     ___FILE_ONLY___     
2018-08-06 18:36:39,022 INFO     ___FILE_ONLY___ 1000
2018-08-06 18:36:39,023 INFO     ___FILE_ONLY___       
2018-08-06 18:36:39,023 INFO     ___FILE_ONLY___ tcp:22,tcp:6868,tcp:25555
2018-08-06 18:36:39,023 INFO     ___FILE_ONLY___ 

2018-08-06 18:36:39,023 INFO     ___FILE_ONLY___ default-allow-http
2018-08-06 18:36:39,023 INFO     ___FILE_ONLY___        
2018-08-06 18:36:39,023 INFO     ___FILE_ONLY___ default
2018-08-06 18:36:39,023 INFO     ___FILE_ONLY___   
2018-08-06 18:36:39,023 INFO     ___FILE_ONLY___ INGRESS
2018-08-06 18:36:39,023 INFO     ___FILE_ONLY___     
2018-08-06 18:36:39,023 INFO     ___FILE_ONLY___ 1000
2018-08-06 18:36:39,024 INFO     ___FILE_ONLY___       
2018-08-06 18:36:39,024 INFO     ___FILE_ONLY___ tcp:80
2018-08-06 18:36:39,024 INFO     ___FILE_ONLY___ 

2018-08-06 18:36:39,024 INFO     ___FILE_ONLY___ default-allow-https
2018-08-06 18:36:39,024 INFO     ___FILE_ONLY___       
2018-08-06 18:36:39,024 INFO     ___FILE_ONLY___ default
2018-08-06 18:36:39,024 INFO     ___FILE_ONLY___   
2018-08-06 18:36:39,024 INFO     ___FILE_ONLY___ INGRESS
2018-08-06 18:36:39,024 INFO     ___FILE_ONLY___     
2018-08-06 18:36:39,024 INFO     ___FILE_ONLY___ 1000
2018-08-06 18:36:39,025 INFO     ___FILE_ONLY___       
2018-08-06 18:36:39,025 INFO     ___FILE_ONLY___ tcp:443
2018-08-06 18:36:39,025 INFO     ___FILE_ONLY___ 

2018-08-06 18:36:39,025 INFO     ___FILE_ONLY___ default-allow-icmp
2018-08-06 18:36:39,025 INFO     ___FILE_ONLY___        
2018-08-06 18:36:39,025 INFO     ___FILE_ONLY___ default
2018-08-06 18:36:39,025 INFO     ___FILE_ONLY___   
2018-08-06 18:36:39,025 INFO     ___FILE_ONLY___ INGRESS
2018-08-06 18:36:39,025 INFO     ___FILE_ONLY___     
2018-08-06 18:36:39,026 INFO     ___FILE_ONLY___ 65534
2018-08-06 18:36:39,026 INFO     ___FILE_ONLY___      
2018-08-06 18:36:39,026 INFO     ___FILE_ONLY___ icmp
2018-08-06 18:36:39,026 INFO     ___FILE_ONLY___ 

2018-08-06 18:36:39,026 INFO     ___FILE_ONLY___ default-allow-internal
2018-08-06 18:36:39,026 INFO     ___FILE_ONLY___    
2018-08-06 18:36:39,026 INFO     ___FILE_ONLY___ default
2018-08-06 18:36:39,026 INFO     ___FILE_ONLY___   
2018-08-06 18:36:39,026 INFO     ___FILE_ONLY___ INGRESS
2018-08-06 18:36:39,026 INFO     ___FILE_ONLY___     
2018-08-06 18:36:39,027 INFO     ___FILE_ONLY___ 65534
2018-08-06 18:36:39,027 INFO     ___FILE_ONLY___      
2018-08-06 18:36:39,027 INFO     ___FILE_ONLY___ tcp:0-65535,udp:0-65535,icmp
2018-08-06 18:36:39,027 INFO     ___FILE_ONLY___ 

2018-08-06 18:36:39,027 INFO     ___FILE_ONLY___ default-allow-rdp
2018-08-06 18:36:39,027 INFO     ___FILE_ONLY___         
2018-08-06 18:36:39,027 INFO     ___FILE_ONLY___ default
2018-08-06 18:36:39,027 INFO     ___FILE_ONLY___   
2018-08-06 18:36:39,028 INFO     ___FILE_ONLY___ INGRESS
2018-08-06 18:36:39,028 INFO     ___FILE_ONLY___     
2018-08-06 18:36:39,028 INFO     ___FILE_ONLY___ 65534
2018-08-06 18:36:39,028 INFO     ___FILE_ONLY___      
2018-08-06 18:36:39,028 INFO     ___FILE_ONLY___ tcp:3389
2018-08-06 18:36:39,028 INFO     ___FILE_ONLY___ 

2018-08-06 18:36:39,028 INFO     ___FILE_ONLY___ default-allow-ssh
2018-08-06 18:36:39,028 INFO     ___FILE_ONLY___         
2018-08-06 18:36:39,028 INFO     ___FILE_ONLY___ default
2018-08-06 18:36:39,028 INFO     ___FILE_ONLY___   
2018-08-06 18:36:39,029 INFO     ___FILE_ONLY___ INGRESS
2018-08-06 18:36:39,029 INFO     ___FILE_ONLY___     
2018-08-06 18:36:39,029 INFO     ___FILE_ONLY___ 65534
2018-08-06 18:36:39,029 INFO     ___FILE_ONLY___      
2018-08-06 18:36:39,029 INFO     ___FILE_ONLY___ tcp:22
2018-08-06 18:36:39,029 INFO     ___FILE_ONLY___ 

2018-08-06 18:36:39,029 INFO     ___FILE_ONLY___ node-port-range
2018-08-06 18:36:39,029 INFO     ___FILE_ONLY___           
2018-08-06 18:36:39,029 INFO     ___FILE_ONLY___ default
2018-08-06 18:36:39,029 INFO     ___FILE_ONLY___   
2018-08-06 18:36:39,030 INFO     ___FILE_ONLY___ INGRESS
2018-08-06 18:36:39,030 INFO     ___FILE_ONLY___     
2018-08-06 18:36:39,030 INFO     ___FILE_ONLY___ 1000
2018-08-06 18:36:39,030 INFO     ___FILE_ONLY___       
2018-08-06 18:36:39,030 INFO     ___FILE_ONLY___ tcp:30000-32767
2018-08-06 18:36:39,030 INFO     ___FILE_ONLY___ 

2018-08-06 18:36:39,030 INFO     ___FILE_ONLY___ 
To show all fields of the firewall, please show in JSON format: --format=json
To show all fields in table format, please see the examples in --help.


2018-08-06 18:36:39,042 DEBUG    root            Metrics reporting process started...
