2018-08-06 18:42:40,568 DEBUG    root            Loaded Command Group: [u'gcloud', u'compute', u'firewall_rules']
2018-08-06 18:42:40,570 DEBUG    root            Running [gcloud.compute.firewall-rules] with arguments: [--help: "None"]
2018-08-06 18:42:40,588 DEBUG    root            Loaded Command Group: [u'gcloud', u'compute', u'firewall-rules', u'create']
2018-08-06 18:42:40,641 DEBUG    root            Loaded Command Group: [u'gcloud', u'compute', u'firewall-rules', u'describe']
2018-08-06 18:42:40,644 DEBUG    root            Loaded Command Group: [u'gcloud', u'compute', u'firewall-rules', u'list']
2018-08-06 18:42:40,646 DEBUG    root            Loaded Command Group: [u'gcloud', u'compute', u'firewall-rules', u'update']
2018-08-06 18:42:40,649 DEBUG    root            Loaded Command Group: [u'gcloud', u'compute', u'firewall-rules', u'delete']
2018-08-06 18:42:40,651 DEBUG    root            Loaded Command Group: [u'gcloud', u'alpha', u'compute', u'firewall_rules']
2018-08-06 18:42:40,654 DEBUG    root            Loaded Command Group: [u'gcloud', u'help']
2018-08-06 18:42:40,658 INFO     ___FILE_ONLY___ [m[1mNAME[m
    gcloud compute firewall-rules - list, create, update, and delete Google
        Compute Engine firewall rules

[m[1mSYNOPSIS[m
    [1mgcloud compute firewall-rules[m [4mCOMMAND[m [[4mGCLOUD_WIDE_FLAG ...[m]

[m[1mDESCRIPTION[m
    List, create, update, and delete Google Compute Engine firewall rules.

[m[1mGCLOUD WIDE FLAGS[m
    These flags are available to all commands: --account, --configuration,
    --flatten, --format, --help, --log-http, --project, --quiet, --trace-token,
    --user-output-enabled, --verbosity. Run [1m$ gcloud help[m for details.

[m[1mCOMMANDS[m
    [1m[1;4mCOMMAND[1m[m is one of the following:

     [1mcreate[m
        Create a Google Compute Engine firewall rule.

     [1mdelete[m
        Delete Google Compute Engine firewall rules.

     [1mdescribe[m
        Describe a Google Compute Engine firewall rule.

     [1mlist[m
        List Google Compute Engine firewall rules.

     [1mupdate[m
        Update a firewall rule.

[m[1mNOTES[m
    This variant is also available:

        $ gcloud alpha compute firewall-rules

[m
2018-08-06 18:42:56,938 DEBUG    root            Metrics reporting process started...
