2018-08-06 18:58:01,476 DEBUG    root            Loaded Command Group: [u'gcloud', u'config']
2018-08-06 18:58:01,529 DEBUG    root            Loaded Command Group: [u'gcloud', u'config', u'config_helper']
2018-08-06 18:58:01,532 DEBUG    root            Running [gcloud.config.config-helper] with arguments: [--format: "json"]
2018-08-06 18:58:01,541 INFO     root            Display format: "default json"
2018-08-06 18:58:01,542 INFO     ___FILE_ONLY___ {
  "configuration": {
    "active_configuration": "default",
    "properties": {
      "compute": {
        "region": "us-west1",
        "zone": "us-west1-a"
      },
      "core": {
        "account": "mgsan3@gmail.com",
        "disable_usage_reporting": "False",
        "project": "iac-practice-in-gcp"
      }
    }
  },
  "credential": {
    "access_token": "ya29.GlsPBhFll1WIiH1yWM_WCLHKfYzHQ1egy4Ya2ooJMM_ZiA69p5XOzj0-sxeO0CL_Kzg2G1sp88P2rquBNdfRTLYCI6XePcGVlzCRPYnkktQVGH16UxFLHk8sKUKa",
    "token_expiry": "2018-08-06T13:40:12Z"
  },
  "sentinels": {
    "config_sentinel": "/home/samy/terraform/kubernetes_gcp/gcloud-config/config_sentinel"
  }
}
2018-08-06 18:58:01,542 INFO     ___FILE_ONLY___ 

2018-08-06 18:58:01,552 DEBUG    root            Metrics reporting process started...
