2018-08-01 18:05:35,917 DEBUG    root            Loaded Command Group: [u'gcloud', u'auth']
2018-08-01 18:05:36,052 DEBUG    root            Loaded Command Group: [u'gcloud', u'auth', u'login']
2018-08-01 18:05:36,056 DEBUG    root            Running [gcloud.auth.login] with arguments: []
2018-08-01 18:05:36,228 INFO     ___FILE_ONLY___ Your browser has been opened to visit:

    https://accounts.google.com/o/oauth2/auth?redirect_uri=http%3A%2F%2Flocalhost%3A8085%2F&prompt=select_account&response_type=code&client_id=32555940559.apps.googleusercontent.com&scope=https%3A%2F%2Fwww.googleapis.com%2Fauth%2Fuserinfo.email+https%3A%2F%2Fwww.googleapis.com%2Fauth%2Fcloud-platform+https%3A%2F%2Fwww.googleapis.com%2Fauth%2Fappengine.admin+https%3A%2F%2Fwww.googleapis.com%2Fauth%2Fcompute+https%3A%2F%2Fwww.googleapis.com%2Fauth%2Faccounts.reauth&access_type=offline



2018-08-01 18:06:22,531 INFO     oauth2client.client Successfully retrieved access token
2018-08-01 18:06:23,696 WARNING  root            `gcloud auth login` no longer writes application default credentials.
If you need to use ADC, see:
  gcloud auth application-default --help
2018-08-01 18:06:23,699 INFO     ___FILE_ONLY___ 
You are now logged in as [mgsan3@gmail.com].
Your current project is [director-by-bbl-mygcpcf].  You can change this setting by running:
  $ gcloud config set project PROJECT_ID

2018-08-01 18:06:23,700 INFO     root            Display format: "none"
2018-08-01 18:06:23,704 DEBUG    root            Checking for updates...
2018-08-01 18:06:24,236 DEBUG    root            Updating notification cache...
2018-08-01 18:06:24,236 DEBUG    root            Activating notification: [default]
2018-08-01 18:06:24,237 INFO     ___FILE_ONLY___ 

Updates are available for some Cloud SDK components.  To install them,
please run:
  $ gcloud components update


2018-08-01 18:06:24,253 DEBUG    root            Metrics reporting process started...
